This is LuaTeX, Version beta-0.79.1 (TeX Live 2014) (rev 4971)  (format=lualatex 2014.8.20)  25 AUG 2014 20:21
 restricted \write18 enabled.
**0_summary.tex
(./0_summary.tex
LaTeX2e <2014/05/01>
Babel <3.9k> and hyphenation patterns for 78 languages loaded.
! Undefined control sequence.
l.2 \subsection
             *{Zusammenfassung}
The control sequence at the end of the top line
of your error message was never \def'ed. If you have
misspelled it (e.g., `\hobx'), type `I' and the correct
spelling (e.g., `I\hbox'). Otherwise just continue,
and I'll forget about whatever was undefined.


! LaTeX Error: Missing \begin{document}.

See the LaTeX manual or LaTeX Companion for explanation.
Type  H <return>  for immediate help.
 ...                                              
                                                  
l.2 \subsection*
              {Zusammenfassung}
You're in trouble here.  Try typing  <return>  to proceed.
If that doesn't work, type  X <return>  to quit.


Overfull \hbox (20.0pt too wide) in paragraph at lines 2--3
[][]*Zusammenfassung 
 []


! LaTeX Error: Missing \begin{document}.

See the LaTeX manual or LaTeX Companion for explanation.
Type  H <return>  for immediate help.
 ...                                              
                                                  
l.4 V
   iele Unternehmen sind auf Drittanbieter und deren Softwarelösungen angew...
You're in trouble here.  Try typing  <return>  to proceed.
If that doesn't work, type  X <return>  to quit.

! Undefined control sequence.
l.8 ... es sich um sensible Daten handelt, war au\ß
                                                   erdem das Ziel den Vorgan...
The control sequence at the end of the top line
of your error message was never \def'ed. If you have
misspelled it (e.g., `\hobx'), type `I' and the correct
spelling (e.g., `I\hbox'). Otherwise just continue,
and I'll forget about whatever was undefined.

)
! Emergency stop.
<*> 0_summary.tex
              
*** (job aborted, no legal \end found)



Here is how much of LuaTeX's memory you used:
 7 strings out of 494695
 100000,89155 words of node,token memory allocated 6575 words of node memory still in use:
   3 hlist, 148 glue, 9 penalty, 945 glyph, 45 glue_spec, 1 temp, 2 local_par, 1
 dir nodes
   avail lists: 2:12,7:1
 3846 multiletter control sequences out of 65536+600000
 14 fonts using 562767 bytes
 5i,0n,4p,287b,14s stack positions out of 5000i,500n,10000p,200000b,100000s
!  ==> Fatal error occurred, no output PDF file produced!
