This is LuaTeX, Version beta-0.79.1 (TeX Live 2014) (rev 4971)  (format=lualatex 2014.8.20)  22 AUG 2014 14:54
 restricted \write18 enabled.
**1_introduction.tex
(./1_introduction.tex
LaTeX2e <2014/05/01>
Babel <3.9k> and hyphenation patterns for 78 languages loaded.
! Undefined control sequence.
l.2 \section
          {Einleitung}
The control sequence at the end of the top line
of your error message was never \def'ed. If you have
misspelled it (e.g., `\hobx'), type `I' and the correct
spelling (e.g., `I\hbox'). Otherwise just continue,
and I'll forget about whatever was undefined.


! LaTeX Error: Missing \begin{document}.

See the LaTeX manual or LaTeX Companion for explanation.
Type  H <return>  for immediate help.
 ...                                              
                                                  
l.2 \section{E
            inleitung}
You're in trouble here.  Try typing  <return>  to proceed.
If that doesn't work, type  X <return>  to quit.

! Undefined control sequence.
l.3 \subsection
             {Problemstellung}
The control sequence at the end of the top line
of your error message was never \def'ed. If you have
misspelled it (e.g., `\hobx'), type `I' and the correct
spelling (e.g., `I\hbox'). Otherwise just continue,
and I'll forget about whatever was undefined.

LaTeX Font Info:    External font `cmex10' loaded for size
(Font)              <7> on input line 4.
LaTeX Font Info:    External font `cmex10' loaded for size
(Font)              <5> on input line 4.
! Undefined control sequence.
\@footnotetext ...tins {\reset@font \footnotesize 
                                                  \interlinepenalty \interfo...
l.4 ...ootnote{TODO: Definition SSO, s. Abschnitt 2}
                                                   für die expertcloud GmbH...
The control sequence at the end of the top line
of your error message was never \def'ed. If you have
misspelled it (e.g., `\hobx'), type `I' and the correct
spelling (e.g., `I\hbox'). Otherwise just continue,
and I'll forget about whatever was undefined.

! Undefined control sequence.
\@footnotetext ...}\color@begingroup \@makefntext 
                                                  {\rule \z@ \footnotesep \i...
l.4 ...ootnote{TODO: Definition SSO, s. Abschnitt 2}
                                                   für die expertcloud GmbH...
The control sequence at the end of the top line
of your error message was never \def'ed. If you have
misspelled it (e.g., `\hobx'), type `I' and the correct
spelling (e.g., `I\hbox'). Otherwise just continue,
and I'll forget about whatever was undefined.


Overfull \hbox (33.19452pt too wide) in paragraph at lines 4--4
[][][]\OT1/cmr/m/n/10 TODO:
 []


Overfull \hbox (18.47224pt too wide) in paragraph at lines 4--4
\OT1/cmr/m/n/10 Def-
 []


Overfull \hbox (6.11111pt too wide) in paragraph at lines 4--4
\OT1/cmr/m/n/10 i-
 []


Overfull \hbox (11.66669pt too wide) in paragraph at lines 4--4
\OT1/cmr/m/n/10 ni-
 []


Overfull \hbox (17.22227pt too wide) in paragraph at lines 4--4
\OT1/cmr/m/n/10 tion
 []


Overfull \hbox (21.66673pt too wide) in paragraph at lines 4--4
\OT1/cmr/m/n/10 SSO,
 []


Overfull \hbox (6.72223pt too wide) in paragraph at lines 4--4
\OT1/cmr/m/n/10 s.
 []


Overfull \hbox (16.38892pt too wide) in paragraph at lines 4--4
\OT1/cmr/m/n/10 Ab-
 []


Overfull \hbox (29.77783pt too wide) in paragraph at lines 4--4
\OT1/cmr/m/n/10 schnitt
 []


Overfull \hbox (5.00002pt too wide) in paragraph at lines 4--4
\OT1/cmr/m/n/10 2| 
 []

! Undefined control sequence.
\@footnotetext ...tins {\reset@font \footnotesize 
                                                  \interlinepenalty \interfo...
l.5 ...es sich um ein cloudbasiertes\footnote{Cloud}
                                                   Callcenter, welches den N...
The control sequence at the end of the top line
of your error message was never \def'ed. If you have
misspelled it (e.g., `\hobx'), type `I' and the correct
spelling (e.g., `I\hbox'). Otherwise just continue,
and I'll forget about whatever was undefined.

! Undefined control sequence.
\@footnotetext ...}\color@begingroup \@makefntext 
                                                  {\rule \z@ \footnotesep \i...
l.5 ...es sich um ein cloudbasiertes\footnote{Cloud}
                                                   Callcenter, welches den N...
The control sequence at the end of the top line
of your error message was never \def'ed. If you have
misspelled it (e.g., `\hobx'), type `I' and the correct
spelling (e.g., `I\hbox'). Otherwise just continue,
and I'll forget about whatever was undefined.


Overfull \hbox (26.11118pt too wide) in paragraph at lines 5--5
[][][]\OT1/cmr/m/n/10 Cloud| 
 []

! Undefined control sequence.
\@footnotetext ...tins {\reset@font \footnotesize 
                                                  \interlinepenalty \interfo...
l.5 ...p-Verbindungen\footnote{TODO: RDP Erklärung}
                                                   zuzugreifen. Der Nutzerkr...
The control sequence at the end of the top line
of your error message was never \def'ed. If you have
misspelled it (e.g., `\hobx'), type `I' and the correct
spelling (e.g., `I\hbox'). Otherwise just continue,
and I'll forget about whatever was undefined.

! Undefined control sequence.
\@footnotetext ...}\color@begingroup \@makefntext 
                                                  {\rule \z@ \footnotesep \i...
l.5 ...p-Verbindungen\footnote{TODO: RDP Erklärung}
                                                   zuzugreifen. Der Nutzerkr...
The control sequence at the end of the top line
of your error message was never \def'ed. If you have
misspelled it (e.g., `\hobx'), type `I' and the correct
spelling (e.g., `I\hbox'). Otherwise just continue,
and I'll forget about whatever was undefined.


Overfull \hbox (33.19452pt too wide) in paragraph at lines 5--5
[][][]\OT1/cmr/m/n/10 TODO:
 []


Overfull \hbox (21.80559pt too wide) in paragraph at lines 5--5
\OT1/cmr/m/n/10 RDP
 []


Overfull \hbox (19.33337pt too wide) in paragraph at lines 5--5
\OT1/cmr/m/n/10 Erk-
 []


Overfull \hbox (22.80562pt too wide) in paragraph at lines 5--5
\OT1/cmr/m/n/10 lärung| 
 []

! Undefined control sequence.
l.8 ...lefonieren dürfen und falls sie einen Gro\ß
                                                   teil der Zeit mit der Anm...
The control sequence at the end of the top line
of your error message was never \def'ed. If you have
misspelled it (e.g., `\hobx'), type `I' and the correct
spelling (e.g., `I\hbox'). Otherwise just continue,
and I'll forget about whatever was undefined.

! Undefined control sequence.
l.10 \subsection
              {Zielsetzung}
The control sequence at the end of the top line
of your error message was never \def'ed. If you have
misspelled it (e.g., `\hobx'), type `I' and the correct
spelling (e.g., `I\hbox'). Otherwise just continue,
and I'll forget about whatever was undefined.

! Undefined control sequence.
l.13 \subsection
              {Vorgehensweise}
The control sequence at the end of the top line
of your error message was never \def'ed. If you have
misspelled it (e.g., `\hobx'), type `I' and the correct
spelling (e.g., `I\hbox'). Otherwise just continue,
and I'll forget about whatever was undefined.

)
! Emergency stop.
<*> 1_introduction.tex
                   
*** (job aborted, no legal \end found)



Here is how much of LuaTeX's memory you used:
 23 strings out of 494695
 100000,89155 words of node,token memory allocated 12920 words of node memory still in use:
   31 hlist, 6 rule, 3 ins, 5 disc, 6 math, 299 glue, 2 kern, 33 penalty, 1806 g
lyph, 69 glue_spec, 1 temp, 4 local_par, 1 dir nodes
   avail lists: 2:12,7:7,9:1
 3850 multiletter control sequences out of 65536+600000
 26 fonts using 1033735 bytes
 24i,5n,14p,469b,102s stack positions out of 5000i,500n,10000p,200000b,100000s
!  ==> Fatal error occurred, no output PDF file produced!
