\BOOKMARK [1][-]{section.1}{Introduction}{}% 1
\BOOKMARK [1][-]{section.2}{Background}{}% 2
\BOOKMARK [2][-]{subsection.2.1}{Security}{section.2}% 3
\BOOKMARK [3][-]{subsubsection.2.1.1}{Security Architecture}{subsection.2.1}% 4
\BOOKMARK [3][-]{subsubsection.2.1.2}{Common Criteria}{subsection.2.1}% 5
\BOOKMARK [3][-]{subsubsection.2.1.3}{Security Concept}{subsection.2.1}% 6
\BOOKMARK [2][-]{subsection.2.2}{Modeling}{section.2}% 7
\BOOKMARK [3][-]{subsubsection.2.2.1}{Model Transformation}{subsection.2.2}% 8
\BOOKMARK [3][-]{subsubsection.2.2.2}{Granularity Levels}{subsection.2.2}% 9
\BOOKMARK [1][-]{section.3}{Related Work}{}% 10
\BOOKMARK [2][-]{subsection.3.1}{Granularity layers}{section.3}% 11
\BOOKMARK [2][-]{subsection.3.2}{Security Attribute Aggregation}{section.3}% 12
\BOOKMARK [2][-]{subsection.3.3}{Validation of Model Transformations}{section.3}% 13
\BOOKMARK [1][-]{section.4}{Approach}{}% 14
\BOOKMARK [2][-]{subsection.4.1}{Security Concept}{section.4}% 15
\BOOKMARK [2][-]{subsection.4.2}{Metamodel elements and their security properties}{section.4}% 16
\BOOKMARK [3][-]{subsubsection.4.2.1}{Components}{subsection.4.2}% 17
\BOOKMARK [3][-]{subsubsection.4.2.2}{Data}{subsection.4.2}% 18
\BOOKMARK [3][-]{subsubsection.4.2.3}{Interpretation of Interconnections between Elements}{subsection.4.2}% 19
\BOOKMARK [2][-]{subsection.4.3}{Model Transformation}{section.4}% 20
\BOOKMARK [2][-]{subsection.4.4}{Transformation Rule Set for Security Goals}{section.4}% 21
\BOOKMARK [3][-]{subsubsection.4.4.1}{Model Transformation using an Example}{subsection.4.4}% 22
\BOOKMARK [3][-]{subsubsection.4.4.2}{Aggregation Rules}{subsection.4.4}% 23
\BOOKMARK [2][-]{subsection.4.5}{Transformation Rule Set for Threats}{section.4}% 24
\BOOKMARK [3][-]{subsubsection.4.5.1}{Aggregation Rules}{subsection.4.5}% 25
\BOOKMARK [2][-]{subsection.4.6}{Transformation Rule Set for Controls}{section.4}% 26
\BOOKMARK [3][-]{subsubsection.4.6.1}{Aggregation Rules}{subsection.4.6}% 27
\BOOKMARK [1][-]{section.5}{Implementation}{}% 28
\BOOKMARK [2][-]{subsection.5.1}{Technology}{section.5}% 29
\BOOKMARK [2][-]{subsection.5.2}{Validity \046 Verification}{section.5}% 30
\BOOKMARK [2][-]{subsection.5.3}{Runtime \046 Complexity}{section.5}% 31
\BOOKMARK [1][-]{section.6}{Summary}{}% 32
\BOOKMARK [1][-]{section.7}{Outlook}{}% 33
